  Manager.cpp
c:\users\wesle\documents\projetos\trabalho comp graf gb\trabalho cg gb\trabcg\trabcg\manager.cpp(61): warning C4018: '<': signed/unsigned mismatch
c:\users\wesle\documents\projetos\trabalho comp graf gb\trabalho cg gb\trabcg\trabcg\manager.cpp(68): warning C4018: '<': signed/unsigned mismatch
c:\users\wesle\documents\projetos\trabalho comp graf gb\trabalho cg gb\trabcg\trabcg\manager.cpp(74): warning C4018: '<': signed/unsigned mismatch
  Main.cpp
c:\users\wesle\documents\projetos\trabalho comp graf gb\trabalho cg gb\trabcg\trabcg\main.cpp(157): warning C4244: '=': conversion from 'GLuint' to 'GLfloat', possible loss of data
c:\users\wesle\documents\projetos\trabalho comp graf gb\trabalho cg gb\trabcg\trabcg\main.cpp(159): warning C4244: 'initializing': conversion from 'GLint' to 'GLfloat', possible loss of data
c:\users\wesle\documents\projetos\trabalho comp graf gb\trabalho cg gb\trabcg\trabcg\main.cpp(160): warning C4244: 'initializing': conversion from 'GLint' to 'GLfloat', possible loss of data
c:\users\wesle\documents\projetos\trabalho comp graf gb\trabalho cg gb\trabcg\trabcg\main.cpp(197): warning C4018: '>=': signed/unsigned mismatch
c:\users\wesle\documents\projetos\trabalho comp graf gb\trabalho cg gb\trabcg\trabcg\main.cpp(222): warning C4244: '=': conversion from 'double' to 'float', possible loss of data
c:\users\wesle\documents\projetos\trabalho comp graf gb\trabalho cg gb\trabcg\trabcg\main.cpp(230): warning C4244: '=': conversion from 'double' to 'float', possible loss of data
c:\users\wesle\documents\projetos\trabalho comp graf gb\trabalho cg gb\trabcg\trabcg\main.cpp(239): warning C4244: '=': conversion from 'double' to 'float', possible loss of data
c:\users\wesle\documents\projetos\trabalho comp graf gb\trabalho cg gb\trabcg\trabcg\main.cpp(247): warning C4244: '=': conversion from 'double' to 'float', possible loss of data
c:\users\wesle\documents\projetos\trabalho comp graf gb\trabalho cg gb\trabcg\trabcg\main.cpp(287): warning C4305: 'argument': truncation from 'double' to 'GLfloat'
c:\users\wesle\documents\projetos\trabalho comp graf gb\trabalho cg gb\trabcg\trabcg\main.cpp(291): warning C4018: '<': signed/unsigned mismatch
c:\users\wesle\documents\projetos\trabalho comp graf gb\trabalho cg gb\trabcg\trabcg\main.cpp(309): warning C4244: 'initializing': conversion from 'double' to 'GLfloat', possible loss of data
c:\users\wesle\documents\projetos\trabalho comp graf gb\trabalho cg gb\trabcg\trabcg\main.cpp(310): warning C4244: 'initializing': conversion from 'double' to 'GLfloat', possible loss of data
c:\users\wesle\documents\projetos\trabalho comp graf gb\trabalho cg gb\trabcg\trabcg\main.cpp(311): warning C4244: '=': conversion from 'double' to 'GLint', possible loss of data
c:\users\wesle\documents\projetos\trabalho comp graf gb\trabalho cg gb\trabcg\trabcg\main.cpp(312): warning C4244: '=': conversion from 'double' to 'GLint', possible loss of data
c:\users\wesle\documents\projetos\trabalho comp graf gb\trabalho cg gb\trabcg\trabcg\main.cpp(314): warning C4305: 'initializing': truncation from 'double' to 'GLfloat'
  Asset.cpp
c:\users\wesle\documents\projetos\trabalho comp graf gb\trabalho cg gb\trabcg\trabcg\asset.cpp(50): warning C4305: 'argument': truncation from 'double' to 'float'
c:\users\wesle\documents\projetos\trabalho comp graf gb\trabalho cg gb\trabcg\trabcg\asset.cpp(54): warning C4305: 'argument': truncation from 'double' to 'float'
  Generating Code...
  TrabCG.vcxproj -> C:\Users\wesle\Documents\Projetos\Trabalho Comp Graf GB\Trabalho CG GB\TrabCG\Debug\TrabCG.exe
  TrabCG.vcxproj -> C:\Users\wesle\Documents\Projetos\Trabalho Comp Graf GB\Trabalho CG GB\TrabCG\Debug\TrabCG.pdb (Partial PDB)
