  Asset.cpp
c:\users\wesle\documents\projetos\trabalho comp graf gb\trabalho cg gb\trabcg\trabcg\shader.h(7): fatal error C1083: Cannot open include file: 'GLM/gtc/matrix_transform.hpp': No such file or directory
  camera.cpp
c:\users\wesle\documents\projetos\trabalho comp graf gb\trabalho cg gb\trabcg\trabcg\camera.h(4): fatal error C1083: Cannot open include file: 'GLM/glm.hpp': No such file or directory
  display.cpp
c:\users\wesle\documents\projetos\trabalho comp graf gb\trabalho cg gb\trabcg\trabcg\display.h(5): fatal error C1083: Cannot open include file: 'SDL/SDL.h': No such file or directory
  Main.cpp
c:\users\wesle\documents\projetos\trabalho comp graf gb\trabalho cg gb\trabcg\trabcg\display.h(5): fatal error C1083: Cannot open include file: 'SDL/SDL.h': No such file or directory
  Manager.cpp
c:\users\wesle\documents\projetos\trabalho comp graf gb\trabalho cg gb\trabcg\trabcg\shader.h(7): fatal error C1083: Cannot open include file: 'GLM/gtc/matrix_transform.hpp': No such file or directory
  Material.cpp
c:\users\wesle\documents\projetos\trabalho comp graf gb\trabalho cg gb\trabcg\trabcg\shader.h(7): fatal error C1083: Cannot open include file: 'GLM/gtc/matrix_transform.hpp': No such file or directory
  mesh.cpp
c:\users\wesle\documents\projetos\trabalho comp graf gb\trabalho cg gb\trabcg\trabcg\mesh.h(4): fatal error C1083: Cannot open include file: 'GLM/glm.hpp': No such file or directory
  obj_loader.cpp
c:\users\wesle\documents\projetos\trabalho comp graf gb\trabalho cg gb\trabcg\trabcg\obj_loader.h(4): fatal error C1083: Cannot open include file: 'GLM/glm.hpp': No such file or directory
  shader.cpp
c:\users\wesle\documents\projetos\trabalho comp graf gb\trabalho cg gb\trabcg\trabcg\shader.h(7): fatal error C1083: Cannot open include file: 'GLM/gtc/matrix_transform.hpp': No such file or directory
  texture.cpp
c:\users\wesle\documents\projetos\trabalho comp graf gb\trabalho cg gb\trabcg\trabcg\shader.h(7): fatal error C1083: Cannot open include file: 'GLM/gtc/matrix_transform.hpp': No such file or directory
  transform.cpp
c:\users\wesle\documents\projetos\trabalho comp graf gb\trabalho cg gb\trabcg\trabcg\transform.h(4): fatal error C1083: Cannot open include file: 'GLM/glm.hpp': No such file or directory
